W (20:51:03.981) EDRV: hvc 0 nvc 0 lvc 0 V 224154 C 0 P 0 pc 3 vl_or 0 vs 25
W (20:51:04.481) EDRV: hvc 0 nvc 0 lvc 0 V 223786 C 0 P 0 pc 4 vl_or 0 vs 25
I (20:51:04.606) TDRV: Temp periodic tmr exp
W (20:51:04.609) OST: Temperature conv tmr Tmr Strtd Scsfly
W (20:51:04.981) EDRV: hvc 0 nvc 0 lvc 0 V 223786 C 0 P 0 pc 5 vl_or 0 vs 25
I (20:51:05.367) TDRV: result: -0.543000 minus_val 1
W (20:51:05.367) TDRV: B_LUT=25.312500 A_LUT=24.769501
W (20:51:05.368) TDRV: p_tmp1=24.769501 c_tmp1=24.769501 inv_cnt=0 prv_neg 0.000000
W (20:51:05.373) TDRV: p_tmp2=24.769501 c_tmp2=24.769501
W (20:51:05.378) SAC: Temp conv cb Exe
W (20:51:05.382) SAC: Scs Val = 0 Read Sts = 0
I (20:51:05.386) SAC: Thres Comparison Executed Gysr Temp State 42 Low Temp State 0
W (20:51:05.481) EDRV: hvc 0 nvc 0 lvc 0 V 223786 C 0 P 0 pc 6 vl_or 0 vs 25
W (20:51:05.981) EDRV: hvc 0 nvc 0 lvc 0 V 223786 C 0 P 0 pc 7 vl_or 0 vs 25
W (20:51:06.481) EDRV: hvc 0 nvc 0 lvc 0 V 223786 C 0 P 0 pc 8 vl_or 0 vs 25
I (20:51:06.606) TDRV: Temp periodic tmr exp
W (20:51:06.609) OST: Temperature conv tmr Tmr Strtd Scsfly
W (20:51:06.873) EX: TF: 0 TZ: 19800 Sys_tm:1749156666
I (20:51:06.873) EX: get time GMT= 1749136866
W (20:51:06.971) NVM: part erase scs
W (20:51:06.971) NVM: part erase restart
W (20:51:06.989) NVM: esp_part_write scs
W (20:51:07.103) NVM: part erase scs
I (20:51:07.103) UART TEST: B_S .factory_reset
W (20:51:07.104) NVM: part erase restart
W (20:51:07.104) SKT: Factory Reset Func initiated
W (20:51:07.123) NVM: esp_part_write scs
W (20:51:07.123) OST: Periodic Notify Timer,Tmr is not active,Failed Stop
W (20:51:07.125) OST: PARTIAL_WRITE,Tmr is not active,Failed Stop
I (20:51:08.131) RLY:  temp rly ret var 0:0
W (00:00:00.000) SKT: FR Sec 1577836800 LT 1577836800
I (00:00:00.000) OST: mem alloc size is unalgnd 2046
W (00:00:00.003) SKT: Reset Count = 327
W (00:00:00.064) NVM: part erase scs
W (00:00:00.064) NVM: part erase restart
W (00:00:00.068) NVM: esp_part_write scs
W (00:00:00.068) SKT: Lv 160 Hv= 275 pv 180 ed 0
ets Jun  8 2016 00:22:57

rst:0xc (SW_CPU_RESET),boot:0x17 (SPI_FAST_FLASH_BOOT)
configsip: 0, SPIWP:0xee
clk_drv:0x00,q_drv:0x00,d_drv:0x00,cs0_drv:0x00,hd_drv:0x00,wp_drv:0x00
mode:DIO, clock div:2
load:0x3fff0030,len:5880
load:0x40078000,len:14332
ho 0 tail 12 room 4
load:0x40080400,len:3688
entry 0x40080678
I (29) boot: ESP-IDF -129-NOTFOUND 2nd stage bootloader
I (29) boot: compile time 12:42:12
I (29) boot: chip revision: 1
I (29) boot.esp32: SPI Speed      : 40MHz
I (33) boot.esp32: SPI Mode       : DIO
I (37) boot.esp32: SPI Flash Size : 4MB
I (40) boot: Enabling RNG early entropy source...
I (45) boot: Partition Table:
I (47) boot: ## Label            Usage          Type ST Offset   Length
I (54) boot:  0 nvs              WiFi data        01 02 00009000 00006000
I (60) boot:  1 phy_init         RF data          01 01 0000f000 00001000
I (67) boot:  2 nvm_data_1       Unknown data     01 81 00010000 00001000
I (73) boot:  3 nvm_data_2       Unknown data     01 81 00011000 00001000
I (80) boot:  4 nvm_rd_only      Unknown data     01 81 00012000 00001000
I (86) boot:  5 otadata          OTA data         01 00 00013000 00002000
I (93) boot:  6 ota_0            OTA app          00 10 00020000 001c2000
I (99) boot:  7 ota_1            OTA app          00 11 001f0000 001c2000
I (106) boot: End of partition table
E (109) boot: ota data partition invalid and no factory, will try all partitions
I (116) esp_image: segment 0: paddr=00020020 vaddr=3f400020 size=49368h (299880) map
I (237) esp_image: segment 1: paddr=00069390 vaddr=3ffbdb60 size=05b60h ( 23392) load
I (247) esp_image: segment 2: paddr=0006eef8 vaddr=40080000 size=01120h (  4384) load
I (249) esp_image: segment 3: paddr=00070020 vaddr=400d0020 size=11f30ch (1176332) map
I (695) esp_image: segment 4: paddr=0018f334 vaddr=40081120 size=186e0h (100064) load
I (738) esp_image: segment 5: paddr=001a7a1c vaddr=50000000 size=00010h (    16) load
I (752) boot: Loaded app from partition at offset 0x20000
I (752) boot: Disabling RNG early entropy source...
I (762) cpu_start: Pro cpu up.
I (762) cpu_start: Starting app cpu, entry point is 0x400815d8
I (748) cpu_start: App cpu up.
I (776) cpu_start: Pro cpu start user code
I (776) cpu_start: cpu freq: 240000000
I (776) cpu_start: Application information:
I (777) cpu_start: Project name:     sm_skt_dev
I (782) cpu_start: App version:      0.9
I (785) cpu_start: ELF file SHA256:  4318efff548d0925...
I (790) cpu_start: ESP-IDF:          -129-NOTFOUND
I (795) heap_init: Initializing. RAM available for dynamic allocation:
I (801) heap_init: At 3FFAFF10 len 000000F0 (0 KiB): DRAM
I (806) heap_init: At 3FFB6388 len 00001C78 (7 KiB): DRAM
I (811) heap_init: At 3FFB9A20 len 00004108 (16 KiB): DRAM
I (817) heap_init: At 3FFD6E18 len 000091E8 (36 KiB): DRAM
I (822) heap_init: At 3FFE0440 len 00003AE0 (14 KiB): D/IRAM
I (827) heap_init: At 3FFE4350 len 0001BCB0 (111 KiB): D/IRAM
I (833) heap_init: At 40099800 len 00006800 (26 KiB): IRAM
I (838) spi_flash: detected chip: generic
I (842) spi_flash: flash io: dio
I (845) esp_core_dump_uart: Init cI (00:00:00.757) OSS: log_sem Semaphore creation Scs
I (00:00:00.757) OSS: end_idx_sem Semaphore creation Scs
I (00:00:00.757) NVM: nvm_para_init
I (00:00:00.759) OSS: NVM_SEM Semaphore creation Scs
I (00:00:00.763) NVM: Chksum 3620 nvm ch 3624
W (00:00:00.768) NVM: add=10000 nvm_lbl nvm_data_1  3620 chsmpos 328
I (00:00:00.773) NVM: size=1000
W (00:00:00.776) NVM: part rd scs
I (00:00:00.780) NVM: part rd scs
E (00:00:00.782) NVM: Retrived Magic num from NVM  == 173
E (00:00:00.788) NVM: Retrived NVM ver from NVM  == 2
I (00:00:00.792) NVM: rw_ver_upd 2
E (00:00:00.795) NVM: nvm rd invld version err nvm_data_1
W (00:00:00.801) NVM: nvm rd checksum=23282EA9 32 cchk 23282EA9
W (00:00:00.806) NVM: nvm dt rd checksum scs nvm_data_1
W (00:00:00.811) NVM: add=11000 nvm_lbl nvm_data_2  3620 chsmpos 328
I (00:00:00.817) NVM: size=1000
W (00:00:00.820) NVM: part rd scs
I (00:00:00.824) NVM: part rd scs
E (00:00:00.826) NVM: Retrived Magic num from NVM  == 173
E (00:00:00.831) NVM: Retrived NVM ver from NVM  == 2
I (00:00:00.836) NVM: rw_ver_upd 2
E (00:00:00.839) NVM: nvm rd invld version err nvm_data_2
W (00:00:00.844) NVM: nvm rd checksum=23282EA9 32 cchk 23282EA9
W (00:00:00.850) NVM: nvm dt rd checksum scs nvm_data_2
I (00:00:00.855) NVM: part_1 part rd scs
I (00:00:00.859) NVM:  part_2  rd scs
W (00:00:00.862) NVM: part_1_sts 0 part_2_sts 0
W (00:00:00.866) NVM: vld nvm_dt_1 copied to RAM
I (00:00:00.871) NVM: cpy_part_dt_to_ram buf_len 3620
I (00:00:00.876) NVM: part rd scs
W (00:00:00.878) NVM: add=12000 nvm_lbl nvm_rd_only  1024 chsmpos 97
I (00:00:00.884) NVM: size=1000
W (00:00:00.887) NVM: part rd scs
I (00:00:00.891) NVM: part rd scs
E (00:00:00.893) NVM: Retrived Magic num from NVM  == 173
E (00:00:00.898) NVM: Retrived NVM ver from NVM  == 2
I (00:00:00.903) NVM: ro_ver_upd 2
E (00:00:00.906) NVM: nvm rd invld version err nvm_rd_only
W (00:00:00.912) NVM: nvm rd checksum=3111A09D 32 cchk 3111A09D
W (00:00:00.917) NVM: nvm dt rd checksum scs nvm_rd_only
I (00:00:00.922) NVM: part_3 part rd scs
I (00:00:00.926) NVM: cpy_part_dt_to_ram buf_len 1024
I (00:00:00.931) NVM: part rd scs
W (00:00:00.934) MENC: CSK 0
I (00:00:00.936) MENC: nvm ro chksm scs 0
W (00:00:00.940) MENC: Ser num =SAC00020250605KJ
W (00:00:00.944) OST: Up_time_timer Tmr creation Scs
W (00:00:00.949) OST: Up_time_timer Tmr Strtd Scsfly
I (00:00:00.954) CEH: Device ble name 12 iinv_smartac 

I (00:00:00.959) CEH: AP_PROVISION NAME IN BLE iinv_smartac 12
I (00:00:00.964) CEH: Device name iinv_smartac

W (00:00:01.067) NVM: part erase scs
W (00:00:01.067) NVM: part erase restart
W (00:00:01.085) NVM: esp_part_write scs
W (00:00:01.188) NVM: part erase scs
W (00:00:01.188) NVM: part erase restart
W (00:00:01.207) NVM: esp_part_write scs
I (00:00:01.207) TAG_GEYSER: HDWRE 6 CNGE
W (00:00:01.207) AP_MN: HWD_TYP 6 HW_VER 6 SW_VER 0
W (00:00:01.207) AP_MN: rly_gio 27 rld 22 gld 23 bld 26 rly_off_ste_tmr 300 rly_on_off_time 1000 rly_off_on_time 1000 rly_on_ste_tmr600
W (00:00:01.219) AP_MN: btn_gio 34 btn_glt 50
I (00:00:01.223) AP_MN: flw_gio 4 flw_ltr_cnt 553
W (00:00:01.228) AP_MN: temp_gpio 13
I (00:00:01.231) NVM: RO_NVM_VER 2
W (00:00:01.234) AP_MN: enrgy_cali_mode 0
W (00:00:01.238) AP_MN: cf_gio 35 cf1_gio 36 sel_gio 12
W (00:00:01.243) AP_MN: curr 10609 volt 136062 pwr 1546092
I (00:00:01.248) OST: mem alloc size is unalgnd 23
W (00:00:01.253) AP_MN: Time_changes
W (00:00:01.256) AP_MN: var1: 4294967295
W (00:00:01.260) AP_MN: var2: 38972
W (00:00:01.263) AP_MN: var3: 17114
W (00:00:01.266) AP_MN: var4: 7569
W (00:00:01.269) AP_MN: var5: 4850
W (00:00:01.272) AP_MN: var6: 3348
W (00:00:01.275) AP_MN: var7: 2301
W (00:00:01.279) AP_MN: var8: 1699
W (00:00:01.282) AP_MN: var9: 1236
W (00:00:01.285) AP_MN: var10: 1122
W (00:00:01.288) AP_MN: var11: 698
I (00:00:01.293) gpio: GPIO[12]| InputEn: 0| OutputEn: 1| OpenDrain: 0| Pullup: 0| Pulldown: 0| Intr:0 
W (00:00:01.300) OST: power_meter_timer Tmr creation Scs
I (00:00:01.305) NVM: RO_NVM_VER 2
I (00:00:01.308) PWRM: time val in lut -1
I (00:00:01.312) PWRM: time val in lut 38972
I (00:00:01.316) PWRM: time val in lut 17114
I (00:00:01.320) PWRM: time val in lut 7569
I (00:00:01.324) PWRM: time val in lut 4850
I (00:00:01.328) PWRM: time val in lut 3348
I (00:00:01.332) PWRM: time val in lut 2301
I (00:00:01.336) PWRM: time val in lut 1699
I (00:00:01.340) PWRM: time val in lut 1236
I (00:00:01.344) PWRM: time val in lut 1122
I (00:00:01.347) PWRM: time val in lut 698
I (00:00:01.351) PWRM: time val not in lut  -1
I (00:00:01.355) PWRM: time val not in lut  38972
I (00:00:01.360) PWRM: time val not in lut  17114
I (00:00:01.364) PWRM: time val not in lut  7569
I (00:00:01.369) PWRM: time val not in lut  4850
I (00:00:01.373) PWRM: time val not in lut  3348
I (00:00:01.377) PWRM: time val not in lut  2301
I (00:00:01.382) PWRM: time val not in lut  1699
I (00:00:01.386) PWRM: time val not in lut  1236
I (00:00:01.390) PWRM: time val not in lut  1122
I (00:00:01.395) PWRM: time val not in lut  698
I (00:00:01.399) NVM: ro_ver_upd 2
I (00:00:01.402) NVM: RO_NVM_VER 2
I (00:00:01.405) OST: mem alloc size is unalgnd 33
I (00:00:01.410) PWRM: Energy_lut_value 846623
I (00:00:01.414) PWRM: ref_val_ver_3_new_nvm  846623
I (00:00:01.419) PWRM: ref_val_ver_3_new_nvm  1297104
I (00:00:01.423) PWRM: ref_val_ver_3_new_nvm  1370592
I (00:00:01.428) PWRM: ref_val_ver_3_new_nvm  1406600
I (00:00:01.433) PWRM: ref_val_ver_3_new_nvm  1264270
I (00:00:01.438) PWRM: ref_val_ver_3_new_nvm  1275400
I (00:00:01.442) PWRM: ref_val_ver_3_new_nvm  1283335
I (00:00:01.447) PWRM: ref_val_ver_3_new_nvm  1289928
I (00:00:01.452) PWRM: ref_val_ver_3_new_nvm  1286505
I (00:00:01.457) PWRM: ref_val_ver_3_new_nvm  1289693
I (00:00:01.461) PWRM: ref_val_ver_3_new_nvm  1274147
I (00:00:01.466) GDRV: cf_gpio 35 cf1_gpio 36 sel_gpio 12
I (00:00:01.471) GDRV: pwr_ref_param 1546092 vol_ref_param 136062 curr_ref_param 10609
I (00:00:01.479) gpio: GPIO[27]| InputEn: 1| OutputEn: 1| OpenDrain: 0| Pullup: 0| Pulldown: 0| Intr:2 
I (00:00:01.488)  DRV_GPIO: rly_gpio 27
I (00:00:01.492) DRV_GPIO: rly_off_ste_tmr 300 rly_on_off_tmr 1000 rly_off_on_tmr 1000 rly_on_ste_tmr 600
I (00:00:01.501) gpio: GPIO[22]| InputEn: 0| OutputEn: 1| OpenDrain: 0| Pullup: 1| Pulldown: 0| Intr:0 
I (00:00:01.510) gpio: GPIO[23]| InputEn: 0| OutputEn: 1| OpenDrain: 0| Pullup: 1| Pulldown: 0| Intr:0 
I (00:00:01.519) DRV_GPIO: r_led 22 g_led 23
W (00:00:01.523) OST: btn_rls_tmr Tmr creation Scs
W (00:00:01.528) OST: btn_push_tmr Tmr creation Scs
I (00:00:01.532) gpio: GPIO[34]| InputEn: 1| OutputEn: 0| OpenDrain: 0| Pullup: 1| Pulldown: 0| Intr:3 
I (00:00:01.541) GDRV: btn_glitch 50
W (00:00:01.545) OST: btn_rls_tmr Tmr Strtd Scsfly
W (00:00:01.549) OST: btn_press_tmr Tmr creation Scs
W (00:00:01.554) OST: btn_press_tmr Tmr creation Scs
W (00:00:01.559) OST: btn_press_tmr Tmr creation Scs
W (00:00:01.563) OST: btn_press_tmr Tmr creation Scs
W (00:00:01.568) OST: btn_press_tmr Tmr creation Scs
W (00:00:01.573) OST: btn_press_tmr Tmr creation Scs
I (00:00:01.577) gpio: GPIO[26]| InputEn: 1| OutputEn: 1| OpenDrain: 0| Pullup: 0| Pulldown: 0| Intr:0 
W (00:00:01.587) OST: B Blink Prd Led Tmr Tmr creation Scs
W (00:00:01.592) OST: R Blink Prdc Led Tmr Tmr creation Scs
W (00:00:01.595) OST: btn_rls_tmr,Tmr is not active,Failed Stop
W (00:00:01.603) OST: btn_press_tmr,Tmr is not active,Failed Stop
W (00:00:01.608) OST: btn_press_tmr,Tmr is not active,Failed Stop
W (00:00:01.614) OST: btn_press_tmr,Tmr is not active,Failed Stop
W (00:00:01.620) OST: btn_press_tmr,Tmr is not active,Failed Stop
W (00:00:01.626) OST: btn_press_tmr,Tmr is not active,Failed Stop
W (00:00:01.632) OST: btn_press_tmr,Tmr is not active,Failed Stop
W (00:00:01.638) OST: Conn Prd Led Tmr Tmr creation Scs
W (00:00:01.642) OST: Time Out Led Tmr Tmr creation Scs
W (00:00:01.647) GDRV: b_led 26 ,r_led 22
I (00:00:01.651) SKT: Calibration_mode 0
W (00:00:01.655) OST: Conn Prd Led Tmr,Tmr is not active,Failed Stop
I (00:00:01.661) gpio: GPIO[13]| InputEn: 1| OutputEn: 0| OpenDrain: 0| Pullup: 1| Pulldown: 0| Intr:0 
I (00:00:01.670) GDRV: temp_gpio 13
I (00:00:01.673) SKT: Calibration_mode 0
W (00:00:01.677) MENC: SW_VER 21 HW_VER 2 fty_det.sfw_major_vsn 2 sfw_minor_vsn 1
W (00:00:01.684) MENC:  hw_mjr_vsn 0 hw_mnr_vsn 6  sw_build_num 69 hw_ty 6
I (00:00:01.691) AP_MN: Hardware mode
W (00:00:01.694) AP_MN: Serial num = SAC00020250605KJ
W (00:00:01.699) AP_MN: REV_NUMR :- 18761
I (00:00:01.703) OSS: frame_tx Semaphore creation Scs
W (00:00:01.732) AP_MN: Wdt_fl_en
E (00:00:01.732) PC: pairing wifi_router password
I (00:00:01.732) PC: pairing wifi_router SSID:TP-Link_6D38-with_Internet password:1234512345
I (00:00:01.736) PC: pairing wifi_router SSID:TP-Link_6D38-with_Internet password:1234512345
W (00:00:01.744) PC: router mac 64
W (00:00:01.747) PC: router mac 63
W (00:00:01.751) PC: router mac 140
W (00:00:01.754) PC: router mac 183
W (00:00:01.757) PC: router mac 109
W (00:00:01.760) PC: router mac 56
W (00:00:01.763) WAPSTA: set_local_mac_addr success 40 
W (00:00:01.768) WAPSTA: set_local_mac_addr success 3f 
W (00:00:01.773) WAPSTA: set_local_mac_addr success 8c 
W (00:00:01.778) WAPSTA: set_local_mac_addr success b7 
W (00:00:01.783) WAPSTA: set_local_mac_addr success 6d 
W (00:00:01.789) WAPSTA: set_local_mac_addr success 38 
I (00:00:01.794) PC: pairing read wifi_init_softap SSID: password: nvm ssid :iinv_smartac
I (00:00:01.801) PC: pairing read wifi_init_softap SSID:iinv_smartac password:mypassword
I (00:00:01.809) SKT: Calibration_mode 0
I (00:00:01.813) PC: read ble name=iinv_smartac
I (00:00:01.817) PC: ble_adv= SAC00020250605KJ strlen= zu
I (00:00:01.822) CEH: prime mode 0 srvr type 4
I (00:00:01.826) CEH: server_uri_addr=wss://ftp.iinvsys.com:55568
I (00:00:01.832) PC: mdns data=
I (00:00:01.835) PC: mdns data=SAC00020250605KJ
I (00:00:01.839) PC: read connectivity_mode_status=0
I (00:00:01.844) CEH: wifi_ap_mode=0
I (00:00:01.847) CEH: wifi_sta_mode=0
I (00:00:01.851) CEH: wifi_ap_sta_mode=0
I (00:00:01.854) CEH: ble=0
E (00:00:01.857) WDT: dev reset reason 3
W (00:00:01.861) WDT: NVM time_zone 19800
W (00:00:01.864) EX: TF: 0 TZ: 19800 Sys_tm:1577836801
I (00:00:01.869) EX: get time GMT= 1577817001
W (00:00:01.873) WDT: rtc time 1577817001
W (00:00:01.879) EX: TF: 0 TZ: 19800 Sys_tm:1577836801
I (00:00:01.882) EX: get time GMT= 1577817001
W (00:00:01.886) EX: bf_rst_time 1749136866 af_rst_time 1577817001 ret 3
W (00:00:01.892) EX: Upd_time_af_rst= 1749136868
W (00:00:01.897) EX: SET_TIME:1749156668

W (20:51:08.000) OFL: currt_cnt_init=0
W (20:51:08.003) OFL: Least_idx_init=0
W (20:51:08.006) OFL: Read_current_cnt_init=0
W (20:51:08.011) OFL: Rolbck_flag_init=0
W (20:51:08.014) OFL: Time_stamp_nit=0
W (20:51:08.018) IINFO: NO_Partial_ses_hapnd
I (20:51:08.022) QSND: INTF_MSG to 7 evnt 13 pld 0 len(w) 0 ctx 0 fre_req 0
I (20:51:08.028) EX: 0
W (20:51:08.030) OST: alarm_timer Tmr creation Scs
W (20:51:08.035) ALRM: 0
W (20:51:08.037) ALRM: 0
W (20:51:08.039) ALRM: 0
W (20:51:08.042) ALRM: 0
W (20:51:08.044) ALRM: 0
W (20:51:08.046) ALRM: 0
W (20:51:08.048) ALRM: 0
W (20:51:08.051) ALRM: 0
W (20:51:08.053) ALRM: 0
W (20:51:08.055) ALRM: 0
W (20:51:08.057) ALRM: 0
W (20:51:08.060) ALRM: 0
W (20:51:08.062) ALRM: 0
W (20:51:08.064) ALRM: 0
W (20:51:08.067) ALRM: 0
W (20:51:08.069) ALRM: 0
W (20:51:08.071) ALRM: alarm_used_cnt 0
W (20:51:08.075) ALRM: No alarm schedule found
W (20:51:08.079) ALRM: sorted list count 0
W (20:51:08.083) ALRM: timeflag:0 timezone:19800
W (20:51:08.087) EX: TF: 0 TZ: 19800 Sys_tm:1749156668
I (20:51:08.092) EX: get time GMT= 1749136868
I (20:51:08.096) ALRM: no tmr active
I (20:51:08.099) QSND: INTF_MSG to 7 evnt 11 pld 0 len(w) 0 ctx 0 fre_req 0
I (20:51:08.106) EX: 1
W (20:51:08.108) EX: TF: 0 TZ: 19800 Sys_tm:1749156668
I (20:51:08.113) EX: get time GMT= 1749136868
I (20:51:08.118) AID: read_app_key_info_from_nvm
I (20:51:08.121) OST: mem alloc size is unalgnd 10
W (20:51:08.126) AID: app id read i 0 ptr=1 ptr_tk 1749132954 ptr_ts 0 auth_vfy 0
W (20:51:08.133) AID: app id read i 1 ptr=0 ptr_tk 0 ptr_ts 1749133900 auth_vfy 0
W (20:51:08.140) AID: app id read i 2 ptr=0 ptr_tk 0 ptr_ts 0 auth_vfy 0
W (20:51:08.147) AID: app id read i 3 ptr=0 ptr_tk 0 ptr_ts 0 auth_vfy 0
W (20:51:08.153) AID: app id read i 4 ptr=0 ptr_tk 0 ptr_ts 0 auth_vfy 0
W (20:51:08.159) AID: app id read i 5 ptr=0 ptr_tk 0 ptr_ts 0 auth_vfy 0
W (20:51:08.166) AID: app id read i 6 ptr=0 ptr_tk 0 ptr_ts 0 auth_vfy 0
W (20:51:08.172) AID: app id read i 7 ptr=0 ptr_tk 0 ptr_ts 0 auth_vfy 0
W (20:51:08.179) AID: app id read i 8 ptr=0 ptr_tk 0 ptr_ts 0 auth_vfy 0
W (20:51:08.185) AID: app id read i 9 ptr=0 ptr_tk 0 ptr_ts 0 auth_vfy 0
W (20:51:08.192) AID: read current_range_app_id 2 vrfy_sts 0
I (20:51:08.197) AID: read_admin_info_from_nvm
W (20:51:08.201) MSH: admin 1
W (20:51:08.204) MSH: admin 0
W (20:51:08.206) MSH: admin 0
W (20:51:08.209) MSH: admin 0
W (20:51:08.212) MSH: admin 0
W (20:51:08.215) MSH: admin 0
W (20:51:08.217) MSH: admin 0
W (20:51:08.220) MSH: admin 0
W (20:51:08.223) MSH: admin 0
W (20:51:08.225) MSH: admin 0
I (20:51:08.228) AP_MN: electl_malfun.electl_malfun_ntfy_en=0
W (20:51:08.233) NVM: max_flw_time 20 max_vol_usg 30
W (20:51:08.238) NVM: ntfy_on_chng_only= 1 timesec 5 thrs_cur200 thrs_vol 5 thrs_pwr 50
W (20:51:08.246) NVM: ntfy_on_chng_only= 1 timesec 5 thrs_temp 5 thrs_flw 500
W (20:51:08.253) NVM: voltage_self_cal 1
W (20:51:08.256) OST: enrg_sv_pattrn_tmr Tmr creation Scs
I (20:51:08.262) SMAX: add_thrd_list addr 0x3ffc9e54 thrd_list_cnt 1 indx 0
I (20:51:08.262) MDEC: no flow control
I (20:51:08.272) SMAX: add_thrd_list addr 0x3ffceabc thrd_list_cnt 2 indx 1
I (20:51:08.278) SMAX: add_thrd_list addr 0x3ffcb238 thrd_list_cnt 3 indx 2
inside log_server..
W (20:51:08.286) OST: relay_on_timer Tmr creation Scs
W (20:51:08.292) OST: relay_off_timer Tmr creation Scs
W (20:51:08.292) SMAX: Name rx_process hghwtrmrk 3080
W (20:51:08.297) OST: relay_on_timer Tmr creation Scs
I (20:51:08.302) SMAX: add_thrd_list addr 0x3ffcc5fc thrd_list_cnt 4 indx 3
W (20:51:08.306) OST: relay_off_timer Tmr creation Scs
W (20:51:08.306) SMAX: Name tx_process hghwtrmrk 3632
I (20:51:08.318) MSH: no flow control
W (20:51:08.323) OST: relay_on_timer Tmr creation Scs
W (20:51:08.331) OST: relay_off_timer Tmr creation Scs
W (20:51:08.331) SMAX: Name log_server hghwtrmrk 1696
W (20:51:08.335) OST: relay_on_timer Tmr creation Scs
E (20:51:08.341) SMAX: null thrd err occur
W (20:51:08.345) OST: relay_off_timer Tmr creation Scs
W (20:51:08.345) SMAX: Name Cntrl_state hghwtrmrk 2776
W (20:51:08.354) OST: relay_on_timer Tmr creation Scs
W (20:51:08.354) OST: con_check_tmr Tmr creation Scs
W (20:51:08.363) OST: relay_off_timer Tmr creation Scs
W (20:51:08.373) OST: relay_on_timer Tmr creation Scs
W (20:51:08.378) OST: relay_off_timer Tmr creation Scs
W (20:51:08.382) OST: relay_on_timer Tmr creation Scs
W (20:51:08.387) OST: relay_off_timer Tmr creation Scs
W (20:51:08.392) OST: relay_on_timer Tmr creation Scs
W (20:51:08.397) OST: relay_off_timer Tmr creation Scs
E (20:51:08.402) SKT: Gyser State Handler Factory Details HDWRE Type = 6
W (20:51:08.408) OST: enrg_con_prdic_tmr Tmr creation Scs
W (20:51:08.413) GDRV: low_vlt_thrs 160 high_vlt_thrs 275 no_vlt_thrs10 low_curr_thrs 200 high_curr_thrs15
W (20:51:08.423) GDRV: low_vlt_cons_cnt2  high_vlt_cons_cnt 2 no_volt_cnt 2 high_curr_cn 5
W (20:51:08.431) GDRV: low_vlt_thrs 160 prp_vlt_thrs 180 en_dis 0
W (20:51:08.436) GDRV: low_vlt_thrs 160000 high_vlt_thrs 275000 no_vlt_thrs 10000 prp_vlt_thrs 180000 low_curr_thrs 200 high_curr_thrs 15000
W (20:51:08.449) GDRV: high_curr_cnt 5 low_vlt_cnt 2 high_vlt_cnt 2 no_vlt_cnt 2
W (20:51:08.456) OST: Voltage_prdic_tmr Tmr creation Scs
W (20:51:08.461) OST: Voltage_prdic_tmr Tmr Strtd Scsfly
I (20:51:08.466) SKT: energy driver voltage periodic timer  is started
W (20:51:08.472) OST: On Duration Timer Tmr creation Scs
W (20:51:08.477) OST: con_check_tmr Tmr Strtd Scsfly
W (20:51:08.477) OST: OFF Duration Timer Tmr creation Scs
W (20:51:08.487) OST: SCH Duration Timer Tmr creation Scs
W (20:51:08.492) OST: Periodic Notify Timer Tmr creation Scs
W (20:51:08.498) OST: PARTIAL_WRITE Tmr creation Scs
W (20:51:08.502) OST: INS_ON_OFF Tmr creation Scs
W (20:51:08.507) OST: Analytics_midnt_tm Tmr creation Scs
W (20:51:08.512) MSH: total available app id count 0
W (20:51:08.516) OST: ping_not_tmr Tmr creation Scs
W (20:51:08.521) IMSG: param 1 auto_on_off 0 sche_override: 0 high_temp_thrs: 0 low_temp_thrs: 0
W (20:51:08.530) GDRV: low_temp_thresh 24 high_temp_thresh 28
I (20:51:08.535) GDRV: l_t_thres 24 h_t_thres 28
W (20:51:08.539) OST: Temperature conv tmr Tmr creation Scs
W (20:51:08.545) OST: Temperature Prdic tmr Tmr creation Scs
I (20:51:08.552) TDRV: Find devices:
I (20:51:08.554) SKT: Calibration_mode 0
I (20:51:08.578) TDRV: 393de1d4436d4628
W (20:51:08.578) TDRV: ret===0
I (20:51:08.586) TDRV: Sngle dev optmstns enabled CRC=1
I (20:51:08.607) TDRV: Resol set scs Val=1
W (20:51:08.607) OST: Temperature Prdic tmr Tmr Strtd Scsfly
I (20:51:08.607) PC: read connectivity_mode_status=0
I (20:51:08.610) QSND: INTF_MSG to 7 evnt 3 pld 0 len(w) 0 ctx 0 fre_req 0
I (20:51:08.616) SKT: calling pairing mode
W (20:51:08.620) EDRV: gl:VOLT=223786
I (20:51:08.624) SKT: Prev_skt_ste:0 0
W (20:51:08.627) SKT: gysr_start_time0 relay_status 0  heating_dur 0 hv_lv_ovrr 0 ioesmb 0
W (20:51:08.635) SKT: pen on sch 0 sch_st time 0 sch dur 0 gysr stop time 0 rly ste chng 0

I (20:51:08.643) SKT: Calibration_mode 0
W (20:51:08.647) SKT: RLY  0:0,0 0

W (20:51:08.650) SKT: No pending process
W (20:51:08.651) SMAX: Name Cntrl_state hghwtrmrk 2600
I (20:51:08.654) SKT: Curr_ste2
W (20:51:08.662) SKT: Inv Last off time 0 pending_sts 0 off dur 0
W (20:51:08.667) SKT: Pwr Off State_event rcvd event=13
I (20:51:08.672) CEH: common events =13
I (20:51:08.676) CEH: ivld time trac call
W (20:51:08.680) OFL: strd current_idx_cnt_timetrac 0 lst_idx_t_trac 0
I (20:51:08.686) SKT: Gys_hdlr_ent_exit GCstate 2 UCstate 0 Event proc 13 from intf 7
W (20:51:08.693) SAC: SAC rcvd event=11
I (20:51:08.697) SAC: default case 11
W (20:51:08.700) SKT: Pwr Off State_event rcvd event=11
I (20:51:08.705) CEH: common events =11
E (20:51:08.709) CEH: geyser time resync 1 3
W (20:51:08.713) OFL: store indx in else
W (20:51:08.717) OFL: invld cur_cnt 0 cur_idx_cnt_timetrac 0 not match. no act needed
W (20:51:08.724) SKT: gysr_start_time0 relay_status 0  heating_dur 0 hv_lv_ovrr 0 ioesmb 0
W (20:51:08.732) SKT: pen on sch 0 sch_st time 0 sch dur 0 gysr stop time 0 rly ste chng 0

I (20:51:08.740) SKT: Calibration_mode 0
W (20:51:08.744) SKT: RLY  0:0,0 0

W (20:51:08.747) SKT: No pending process
W (20:51:08.751) SKT: Inv Last off time 0 pending_sts 0 off dur 0
I (20:51:08.757) SKT: Gys_hdlr_ent_exit GCstate 2 UCstate 0 Event proc 11 from intf 7
I (20:51:08.764) PC: pairing_connectivity_event_hdlr rcvd event=3
I (20:51:08.770) PC: in pairing mode button press
W (20:51:08.774) OST: Periodic Notify Timer,Tmr is not active,Failed Stop
I (20:51:08.781) OSTH: C T_N:- pairing Size:- 4096 Priority:- 10 Core_id:- 0 handle:- 0x3ffbad04
I (20:51:08.781) PC: total_socket=0 0
I (20:51:08.789) SMAX: add_thrd_list addr 0x3ffbad04 thrd_list_cnt 5 indx 4
I (20:51:08.793) PC: statr pairing thread api
I (20:51:08.800) SKT: Gys_hdlr_ent_exit GCstate 2 UCstate 0 Event proc 3 from intf 7
I (20:51:08.804) SKT: Calibration_mode 0
W (20:51:08.981) EDRV: hvc 0 nvc 0 lvc 0 V 223786 C 0 P 0 pc 1 vl_or 0 vs 24
I (20:51:09.015) BTDM_INIT: BT controller compile version [bc2e043]
I (20:51:09.016) system_api: Base MAC address is not set
I (20:51:09.016) system_api: read default base MAC address from EFUSE
I (20:51:09.023) phy_init: phy_version 4670,719f9f6,Feb 18 2021,17:07:07
W (20:51:09.160) SMAX: Name Cntrl_state hghwtrmrk 2536
W (20:51:09.161) SMAX: Name pairing hghwtrmrk 2124
W (20:51:09.304) OST: gatts_config_tmr Tmr creation Scs
W (20:51:09.304) BLE: BLE MAC ADDRESS
W (20:51:09.304) BLE: 34 98 7A 66 1C  F6 :
I (20:51:09.304) BLE: reg app id registered, app_id 0055, status 0
W (20:51:09.306) OST: Pairing_Timer Tmr creation Scs
I (20:51:09.311) SKT: Calibration_mode 0
W (20:51:09.315) OST: Pairing_Timer Tmr Strtd Scsfly
I (20:51:09.319) BLE: pairing flag 1
I (4455) wifi:wifi driver task: 3ffe91b8, prio:23, stack:6144, core=0W (20:51:09.327) BLE: dev_name_scs 0,dev_name_pair_mode iinv_smartac

I (4480) wifi:wifi firmware version: 4809a2e
I (4481) wifi:wifi certification version: v7.0
I (4481) wifi:config NVS flash: enabled
I (4481) wifi:config nano formating: enabled
W (20:51:09.355) BLE: create attribute table sucesfuly,the number handle = 11
I (4486) wifi:Init data frame dynamic rx buffer num: 32
I (4497) wifi:Init management frame dynamic rx buffer num: 32
W (20:51:09.370) BLE: SERVICE_START_EVT, status 0, service_handle 40
I (4503) wifi:Init management short buffer num: 32
W (20:51:09.381) BLE: advrtsng start scsfly
I (4513) wifi:Init dynamic tx buffer num: 32
I (4521) wifi:Init static rx buffer size: 1600
I (4525) wifi:Init static rx buffer num: 2
I (4529) wifi:Init dynamic rx buffer num: 32
I (20:51:09.406) wifi_init: rx ba win: 2
I (20:51:09.409) wifi_init: tcpip mbox: 16
I (20:51:09.413) wifi_init: udp mbox: 6
I (20:51:09.416) wifi_init: tcp mbox: 6
I (20:51:09.420) wifi_init: tcp tx win: 2440
I (20:51:09.424) wifi_init: tcp rx win: 2440
I (20:51:09.428) wifi_init: tcp mss: 536
I (20:51:09.431) WAPSTA: esp wifi init ret scs
W (20:51:09.436) OST: sta_retry_timer Tmr creation Scs
I (20:51:09.440) led: B_Led Pin Slctd
W (20:51:09.444) OST: B Blink Prd Led Tmr,Tmr is not active,Failed Stop
W (20:51:09.450) OST: Time Out Led Tmr,Tmr is not active,Failed Stop
W (20:51:09.456) OST: B Blink Prd Led Tmr Tmr Strtd Scsfly
I (20:51:09.461) RLY:  temp rly ret var 0:0
I (20:51:09.465) SMC: in smartconfig_config api
W (20:51:09.470) OST: smartconfig Tmr creation Scs
W (20:51:09.474) OST: smartconfig Tmr Strtd Scsfly
W (20:51:09.481) EDRV: hvc 0 nvc 0 lvc 0 V 223786 C 0 P 0 pc 2 vl_or 0 vs 24
W (20:51:09.485) WAPSTA: esp_wifi_set_mode scs
I (4620) wifi:mode : sta (34:98:7a:66:1c:f4)
I (4622) wifi:enable tsf
I (20:51:09.497) SMC: after init SC wifi
W (20:51:09.497) WAPSTA: wifi event rcvd event_base WIFI_EVENT event_id 2
I (20:51:09.506) OSTH: C T_N:- smartconfig_example_task Size:- 4096 Priority:- 11 Core_id:- 0 handle:- 0x3ffee7f4
I (20:51:09.516) SMAX: add_thrd_list addr 0x3ffee7f4 thrd_list_cnt 6 indx 5
I (4701) smartconfig: SC version: V3.0.1
W (20:51:09.661) SMAX: Name smartconfig_exa hghwtrmrk 3376
W (20:51:09.981) EDRV: hvc 0 nvc 0 lvc 0 V 223786 C 0 P 0 pc 3 vl_or 0 vs 24
W (20:51:10.481) EDRV: hvc 0 nvc 0 lvc 0 V 223786 C 0 P 0 pc 4 vl_or 0 vs 24
I (20:51:10.607) TDRV: Temp periodic tmr exp
W (20:51:10.610) OST: Temperature conv tmr Tmr Strtd Scsfly
